RESULT 0.9119454622268677 258
Time: 2.673448082059622
RESULT 0.9119454622268677 258
Time: 0.02286713698413223
RESULT 0.9119454622268677 258
Time: 0.021688411012291908
RESULT 0.9119454622268677 258
Time: 0.022310378029942513
RESULT 0.9119454622268677 258
Time: 0.02495056693442166
RESULT 0.9119454622268677 258
Time: 0.02554188307840377
RESULT 0.9119454622268677 258
Time: 0.024082742049358785
RESULT 0.9119454622268677 258
Time: 0.02377040300052613
RESULT 0.9119454622268677 258
Time: 0.023912296048365533
RESULT 0.9119454622268677 258
Time: 0.024266346939839423
RESULT 0.9119454622268677 258
Time: 0.02370649401564151
