RESULT 0.9119454622268677 258
Time: 2.679054221021943
RESULT 0.9119454622268677 258
Time: 0.021307616960257292
RESULT 0.9119454622268677 258
Time: 0.02169561991468072
RESULT 0.9119454622268677 258
Time: 0.022311820066533983
RESULT 0.9119454622268677 258
Time: 0.022916220943443477
RESULT 0.9119454622268677 258
Time: 0.02385829295963049
RESULT 0.9119454622268677 258
Time: 0.023993071052245796
RESULT 0.9119454622268677 258
Time: 0.023774235974997282
RESULT 0.9119454622268677 258
Time: 0.023898807005025446
RESULT 0.9119454622268677 258
Time: 0.02426675194874406
RESULT 0.9119454622268677 258
Time: 0.023726821993477643
