RESULT 258 0.8734898567199707
Time: 2.3409491679631174
RESULT 258 0.8734898567199707
Time: 0.01959823106881231
RESULT 258 0.8734898567199707
Time: 0.018057176959700882
RESULT 258 0.8734898567199707
Time: 0.017596837948076427
RESULT 258 0.8734898567199707
Time: 0.01767202210612595
RESULT 258 0.8734898567199707
Time: 0.01763769402168691
RESULT 258 0.8734898567199707
Time: 0.01813963206950575
RESULT 258 0.8734898567199707
Time: 0.017676436924375594
RESULT 258 0.8734898567199707
Time: 0.01804814499337226
RESULT 258 0.8734898567199707
Time: 0.01771692605689168
RESULT 258 0.8734898567199707
Time: 0.0180383330443874
