RESULT 258 0.8734898567199707
Time: 2.3638138259993866
RESULT 258 0.8734898567199707
Time: 0.01831174606923014
RESULT 258 0.8734898567199707
Time: 0.017909424961544573
RESULT 258 0.8734898567199707
Time: 0.01808339008130133
RESULT 258 0.8734898567199707
Time: 0.017867894959636033
RESULT 258 0.8734898567199707
Time: 0.018003601930104196
RESULT 258 0.8734898567199707
Time: 0.017875036923214793
RESULT 258 0.8734898567199707
Time: 0.017908265930600464
RESULT 258 0.8734898567199707
Time: 0.017945824889466166
RESULT 258 0.8734898567199707
Time: 0.017991809058003128
RESULT 258 0.8734898567199707
Time: 0.019042185973376036
