[0;90m2024-10-11 12:54:24.374 [0;1;93m[Warning][m: IPC channel still there, doing an unlink of server-user-1-function-1
[0;90m2024-10-11 12:54:24.375 [0;1;96m[ Debug ][m: Application registered management segment 0x71752f540000 with size 65796264 to id 1
[0;90m2024-10-11 12:54:24.375 [0;1;96m[ Debug ][m: Application registered payload data segment 0x7173b8338000 with size 6293584200 to id 2
[2024-10-11 12:54:24.375] [error] Enabling use of VMM-based allocations in CUDA!
[2024-10-11 12:54:24.484] [error] Message from the orchestrator! Code 1
[2024-10-11 12:54:24.484] [info] [ExecutionStatus] CPU execution!
[2024-10-11 12:54:24.543] [error] Blocking memory operation! Saving position 0 from 1
[2024-10-11 12:54:24.584] [error] Message from the orchestrator! Code 3
[2024-10-11 12:54:24.584] [info] [ExecutionStatus] Full execution!
[2024-10-11 12:54:24.584] [error] Finishing trace execution from position 0 from 1, 1
[2024-10-11 12:54:24.627] [error] Message from the orchestrator! Code 1
[2024-10-11 12:54:24.627] [info] [ExecutionStatus] CPU execution!
[2024-10-11 12:54:24.627] [error] Message from the orchestrator! Code 3
[2024-10-11 12:54:24.627] [info] [ExecutionStatus] Full execution!
[2024-10-11 12:54:24.731] [error] Message from the orchestrator! Code 1
[2024-10-11 12:54:24.731] [info] [ExecutionStatus] CPU execution!
[2024-10-11 12:54:24.772] [error] Message from the orchestrator! Code 3
[2024-10-11 12:54:24.772] [info] [ExecutionStatus] Full execution!
[2024-10-11 12:54:24.832] [error] Message from the orchestrator! Code 1
[2024-10-11 12:54:24.832] [info] [ExecutionStatus] CPU execution!
[2024-10-11 12:54:24.874] [error] Message from the orchestrator! Code 3
[2024-10-11 12:54:24.874] [info] [ExecutionStatus] Full execution!
[2024-10-11 12:54:24.931] [error] Message from the orchestrator! Code 1
[2024-10-11 12:54:24.931] [info] [ExecutionStatus] CPU execution!
[2024-10-11 12:54:24.973] [error] Message from the orchestrator! Code 3
[2024-10-11 12:54:24.973] [info] [ExecutionStatus] Full execution!
[2024-10-11 12:54:25.031] [error] Message from the orchestrator! Code 1
[2024-10-11 12:54:25.031] [info] [ExecutionStatus] CPU execution!
[2024-10-11 12:54:25.073] [error] Message from the orchestrator! Code 3
[2024-10-11 12:54:25.073] [info] [ExecutionStatus] Full execution!
[2024-10-11 12:54:25.131] [error] Message from the orchestrator! Code 1
[2024-10-11 12:54:25.131] [info] [ExecutionStatus] CPU execution!
[2024-10-11 12:54:25.173] [error] Message from the orchestrator! Code 3
[2024-10-11 12:54:25.173] [info] [ExecutionStatus] Full execution!
[2024-10-11 12:54:25.231] [error] Message from the orchestrator! Code 1
[2024-10-11 12:54:25.231] [info] [ExecutionStatus] CPU execution!
[2024-10-11 12:54:25.272] [error] Message from the orchestrator! Code 3
[2024-10-11 12:54:25.272] [info] [ExecutionStatus] Full execution!
[2024-10-11 12:54:25.331] [error] Message from the orchestrator! Code 1
[2024-10-11 12:54:25.331] [info] [ExecutionStatus] CPU execution!
[2024-10-11 12:54:25.373] [error] Message from the orchestrator! Code 3
[2024-10-11 12:54:25.373] [info] [ExecutionStatus] Full execution!
[2024-10-11 12:54:25.431] [error] Message from the orchestrator! Code 1
[2024-10-11 12:54:25.431] [info] [ExecutionStatus] CPU execution!
[2024-10-11 12:54:25.473] [error] Message from the orchestrator! Code 3
[2024-10-11 12:54:25.473] [info] [ExecutionStatus] Full execution!
[2024-10-11 12:54:25.532] [error] Message from the orchestrator! Code 1
[2024-10-11 12:54:25.532] [info] [ExecutionStatus] CPU execution!
[2024-10-11 12:54:25.575] [error] Message from the orchestrator! Code 3
[2024-10-11 12:54:25.575] [info] [ExecutionStatus] Full execution!
