[0;90m2024-10-11 12:55:35.599 [0;1;93m[Warning][m: IPC channel still there, doing an unlink of server-user-0-function-1
[0;90m2024-10-11 12:55:35.599 [0;1;96m[ Debug ][m: Application registered management segment 0x7a44d2d40000 with size 65796264 to id 1
[0;90m2024-10-11 12:55:35.600 [0;1;96m[ Debug ][m: Application registered payload data segment 0x7a435bb38000 with size 6293584200 to id 2
[2024-10-11 12:55:35.600] [error] Enabling use of VMM-based allocations in CUDA!
[2024-10-11 12:55:35.721] [error] Message from the orchestrator! Code 1
[2024-10-11 12:55:35.721] [info] [ExecutionStatus] CPU execution!
[2024-10-11 12:55:36.068] [error] Blocking memory operation! Saving position 0 from 1
[2024-10-11 12:55:36.283] [error] Message from the orchestrator! Code 3
[2024-10-11 12:55:36.283] [info] [ExecutionStatus] Full execution!
[2024-10-11 12:55:36.283] [error] Finishing trace execution from position 0 from 1, 1
[2024-10-11 12:55:36.523] [error] Message from the orchestrator! Code 1
[2024-10-11 12:55:36.523] [info] [ExecutionStatus] CPU execution!
[2024-10-11 12:55:36.523] [error] Message from the orchestrator! Code 3
[2024-10-11 12:55:36.523] [info] [ExecutionStatus] Full execution!
[2024-10-11 12:55:36.553] [error] Message from the orchestrator! Code 1
[2024-10-11 12:55:36.553] [info] [ExecutionStatus] CPU execution!
[2024-10-11 12:55:36.557] [error] Message from the orchestrator! Code 3
[2024-10-11 12:55:36.557] [info] [ExecutionStatus] Full execution!
[2024-10-11 12:55:36.582] [error] Message from the orchestrator! Code 1
[2024-10-11 12:55:36.582] [info] [ExecutionStatus] CPU execution!
[2024-10-11 12:55:36.586] [error] Message from the orchestrator! Code 3
[2024-10-11 12:55:36.586] [info] [ExecutionStatus] Full execution!
[2024-10-11 12:55:36.610] [error] Message from the orchestrator! Code 1
[2024-10-11 12:55:36.610] [info] [ExecutionStatus] CPU execution!
[2024-10-11 12:55:36.613] [error] Message from the orchestrator! Code 3
[2024-10-11 12:55:36.613] [info] [ExecutionStatus] Full execution!
[2024-10-11 12:55:36.638] [error] Message from the orchestrator! Code 1
[2024-10-11 12:55:36.638] [info] [ExecutionStatus] CPU execution!
[2024-10-11 12:55:36.641] [error] Message from the orchestrator! Code 3
[2024-10-11 12:55:36.641] [info] [ExecutionStatus] Full execution!
[2024-10-11 12:55:36.666] [error] Message from the orchestrator! Code 1
[2024-10-11 12:55:36.666] [info] [ExecutionStatus] CPU execution!
[2024-10-11 12:55:36.670] [error] Message from the orchestrator! Code 3
[2024-10-11 12:55:36.670] [info] [ExecutionStatus] Full execution!
[2024-10-11 12:55:36.694] [error] Message from the orchestrator! Code 1
[2024-10-11 12:55:36.694] [info] [ExecutionStatus] CPU execution!
[2024-10-11 12:55:36.698] [error] Message from the orchestrator! Code 3
[2024-10-11 12:55:36.698] [info] [ExecutionStatus] Full execution!
[2024-10-11 12:55:36.721] [error] Message from the orchestrator! Code 1
[2024-10-11 12:55:36.721] [info] [ExecutionStatus] CPU execution!
[2024-10-11 12:55:36.725] [error] Message from the orchestrator! Code 3
[2024-10-11 12:55:36.725] [info] [ExecutionStatus] Full execution!
[2024-10-11 12:55:36.749] [error] Message from the orchestrator! Code 1
[2024-10-11 12:55:36.749] [info] [ExecutionStatus] CPU execution!
[2024-10-11 12:55:36.752] [error] Message from the orchestrator! Code 3
[2024-10-11 12:55:36.752] [info] [ExecutionStatus] Full execution!
[2024-10-11 12:55:36.776] [error] Message from the orchestrator! Code 1
[2024-10-11 12:55:36.776] [info] [ExecutionStatus] CPU execution!
[2024-10-11 12:55:36.779] [error] Message from the orchestrator! Code 3
[2024-10-11 12:55:36.779] [info] [ExecutionStatus] Full execution!
