WG size of kernel = 16 X 16
pyramidHeight: 2
gridSize: [512, 512]
border:[2, 2]
blockGrid:[43, 43]
targetBlock:[12, 12]
Start computing the transient temperature
Ending simulation
total time: 0.16109100
Time: 161093
pyramidHeight: 2
gridSize: [512, 512]
border:[2, 2]
blockGrid:[43, 43]
targetBlock:[12, 12]
Start computing the transient temperature
Ending simulation
total time: 0.09198000
Time: 91981
pyramidHeight: 2
gridSize: [512, 512]
border:[2, 2]
blockGrid:[43, 43]
targetBlock:[12, 12]
Start computing the transient temperature
Ending simulation
total time: 0.09256300
Time: 92565
pyramidHeight: 2
gridSize: [512, 512]
border:[2, 2]
blockGrid:[43, 43]
targetBlock:[12, 12]
Start computing the transient temperature
Ending simulation
total time: 0.09196100
Time: 91963
pyramidHeight: 2
gridSize: [512, 512]
border:[2, 2]
blockGrid:[43, 43]
targetBlock:[12, 12]
Start computing the transient temperature
Ending simulation
total time: 0.09088800
Time: 90889
pyramidHeight: 2
gridSize: [512, 512]
border:[2, 2]
blockGrid:[43, 43]
targetBlock:[12, 12]
Start computing the transient temperature
Ending simulation
total time: 0.09167700
Time: 91678
pyramidHeight: 2
gridSize: [512, 512]
border:[2, 2]
blockGrid:[43, 43]
targetBlock:[12, 12]
Start computing the transient temperature
Ending simulation
total time: 0.09118800
Time: 91189
pyramidHeight: 2
gridSize: [512, 512]
border:[2, 2]
blockGrid:[43, 43]
targetBlock:[12, 12]
Start computing the transient temperature
Ending simulation
total time: 0.09199000
Time: 91991
pyramidHeight: 2
gridSize: [512, 512]
border:[2, 2]
blockGrid:[43, 43]
targetBlock:[12, 12]
Start computing the transient temperature
Ending simulation
total time: 0.09296800
Time: 92970
pyramidHeight: 2
gridSize: [512, 512]
border:[2, 2]
blockGrid:[43, 43]
targetBlock:[12, 12]
Start computing the transient temperature
Ending simulation
total time: 0.09235100
Time: 92353
pyramidHeight: 2
gridSize: [512, 512]
border:[2, 2]
blockGrid:[43, 43]
targetBlock:[12, 12]
Start computing the transient temperature
Ending simulation
total time: 0.09346000
Time: 93461
