[0;90m2024-10-11 14:15:56.784 [0;1;93m[Warning][m: IPC channel still there, doing an unlink of server-user-0-function-0
[0;90m2024-10-11 14:15:56.784 [0;1;96m[ Debug ][m: Application registered management segment 0x747e25340000 with size 65796264 to id 1
[0;90m2024-10-11 14:15:56.785 [0;1;96m[ Debug ][m: Application registered payload data segment 0x747cae138000 with size 6293584200 to id 2
[2024-10-11 14:15:56.785] [error] Enabling use of VMM-based allocations in CUDA!
[2024-10-11 14:15:56.871] [error] Message from the orchestrator! Code 1
[2024-10-11 14:15:56.871] [info] [ExecutionStatus] CPU execution!
[2024-10-11 14:15:56.871] [error] Message from the orchestrator! Code 3
[2024-10-11 14:15:56.871] [info] [ExecutionStatus] Full execution!
[2024-10-11 14:16:00.807] [error] Total size 0.0 0
[2024-10-11 14:16:00.807] [error] Total size 0.0 0
[2024-10-11 14:16:00.807] [error] Total size 120.0 0
[2024-10-11 14:16:00.887] [error] Total size 120.0 0
[2024-10-11 14:16:00.892] [error] Total size 140.0 0
[2024-10-11 14:16:00.893] [error] Total size 140.0 0
[2024-10-11 14:16:00.893] [error] Total size 142.0 0
[2024-10-11 14:16:00.894] [error] Total size 142.0 0
[2024-10-11 14:16:00.894] [error] Total size 142.0 0
[2024-10-11 14:16:00.894] [error] Total size 142.0 0
[2024-10-11 14:16:00.896] [error] Total size 142.0 0
[2024-10-11 14:16:00.896] [error] Total size 142.0 0
[2024-10-11 14:16:00.898] [error] Total size 142.0 0
[2024-10-11 14:16:00.898] [error] Total size 142.0 0
[2024-10-11 14:16:00.900] [error] Total size 142.0 0
[2024-10-11 14:16:00.900] [error] Total size 142.0 0
[2024-10-11 14:16:00.902] [error] Total size 142.0 0
[2024-10-11 14:16:00.902] [error] Total size 142.0 0
[2024-10-11 14:16:00.902] [error] Total size 142.0 0
[2024-10-11 14:16:00.902] [error] Total size 142.0 0
[2024-10-11 14:16:00.902] [error] Total size 158.0 0
[2024-10-11 14:16:00.911] [error] Total size 158.0 0
[2024-10-11 14:16:00.912] [error] Total size 158.0 0
[2024-10-11 14:16:00.912] [error] Total size 174.0 0
[2024-10-11 14:16:00.920] [error] Total size 174.0 0
[2024-10-11 14:16:00.920] [error] Total size 174.0 0
[2024-10-11 14:16:00.920] [error] Total size 174.0 0
[2024-10-11 14:16:00.920] [error] Total size 174.0 0
[2024-10-11 14:16:00.921] [error] Total size 194.0 0
[2024-10-11 14:16:00.923] [error] Total size 194.0 0
[2024-10-11 14:16:00.923] [error] Total size 194.0 0
[2024-10-11 14:16:00.925] [error] Total size 194.0 0
[2024-10-11 14:16:00.925] [error] Total size 194.0 0
[2024-10-11 14:16:00.927] [error] Total size 194.0 0
[2024-10-11 14:16:00.927] [error] Total size 194.0 0
[2024-10-11 14:16:00.929] [error] Total size 194.0 0
[2024-10-11 14:16:00.929] [error] Total size 194.0 0
[2024-10-11 14:16:00.929] [error] Total size 194.0 0
[2024-10-11 14:16:00.929] [error] Total size 194.0 0
[2024-10-11 14:16:00.929] [error] Total size 210.0 0
[2024-10-11 14:16:00.938] [error] Total size 210.0 0
[2024-10-11 14:16:00.939] [error] Total size 210.0 0
[2024-10-11 14:16:00.939] [error] Total size 226.0 0
[2024-10-11 14:16:00.949] [error] Total size 226.0 0
[2024-10-11 14:16:00.949] [error] Total size 226.0 0
[2024-10-11 14:16:00.949] [error] Total size 226.0 0
[2024-10-11 14:16:00.949] [error] Total size 226.0 0
[2024-10-11 14:16:00.951] [error] Total size 226.0 0
[2024-10-11 14:16:00.952] [error] Total size 226.0 0
[2024-10-11 14:16:00.952] [error] Total size 246.0 0
[2024-10-11 14:16:00.953] [error] Total size 246.0 0
[2024-10-11 14:16:00.954] [error] Total size 246.0 0
[2024-10-11 14:16:00.955] [error] Total size 246.0 0
[2024-10-11 14:16:00.956] [error] Total size 246.0 0
[2024-10-11 14:16:00.958] [error] Total size 246.0 0
[2024-10-11 14:16:00.958] [error] Total size 246.0 0
[2024-10-11 14:16:00.958] [error] Total size 246.0 0
[2024-10-11 14:16:00.958] [error] Total size 246.0 0
[2024-10-11 14:16:00.958] [error] Total size 262.0 0
[2024-10-11 14:16:00.966] [error] Total size 262.0 0
[2024-10-11 14:16:00.966] [error] Total size 262.0 0
[2024-10-11 14:16:00.967] [error] Total size 278.0 0
[2024-10-11 14:16:00.975] [error] Total size 278.0 0
[2024-10-11 14:16:00.975] [error] Total size 278.0 0
[2024-10-11 14:16:00.975] [error] Total size 278.0 0
[2024-10-11 14:16:00.975] [error] Total size 278.0 0
[2024-10-11 14:16:00.977] [error] Total size 278.0 0
[2024-10-11 14:16:00.977] [error] Total size 278.0 0
[2024-10-11 14:16:00.979] [error] Total size 278.0 0
[2024-10-11 14:16:00.979] [error] Total size 278.0 0
[2024-10-11 14:16:00.979] [error] Total size 298.0 0
[2024-10-11 14:16:00.981] [error] Total size 298.0 0
[2024-10-11 14:16:00.982] [error] Total size 298.0 0
[2024-10-11 14:16:00.983] [error] Total size 298.0 0
[2024-10-11 14:16:00.984] [error] Total size 298.0 0
[2024-10-11 14:16:00.984] [error] Total size 298.0 0
[2024-10-11 14:16:00.984] [error] Total size 298.0 0
[2024-10-11 14:16:00.984] [error] Total size 314.0 0
[2024-10-11 14:16:00.992] [error] Total size 314.0 0
[2024-10-11 14:16:00.993] [error] Total size 314.0 0
[2024-10-11 14:16:00.993] [error] Total size 330.0 0
[2024-10-11 14:16:01.001] [error] Total size 330.0 0
[2024-10-11 14:16:01.002] [error] Total size 330.0 0
[2024-10-11 14:16:01.002] [error] Total size 330.0 0
[2024-10-11 14:16:01.002] [error] Total size 330.0 0
[2024-10-11 14:16:01.004] [error] Total size 330.0 0
[2024-10-11 14:16:01.004] [error] Total size 330.0 0
[2024-10-11 14:16:01.006] [error] Total size 330.0 0
[2024-10-11 14:16:01.006] [error] Total size 330.0 0
[2024-10-11 14:16:01.009] [error] Total size 330.0 0
[2024-10-11 14:16:01.009] [error] Total size 330.0 0
[2024-10-11 14:16:01.009] [error] Total size 350.0 0
[2024-10-11 14:16:01.011] [error] Total size 350.0 0
[2024-10-11 14:16:01.011] [error] Total size 350.0 0
[2024-10-11 14:16:01.011] [error] Total size 350.0 0
[2024-10-11 14:16:01.011] [error] Total size 350.0 0
[2024-10-11 14:16:01.020] [error] Total size 350.0 0
[2024-10-11 14:16:01.020] [error] Total size 350.0 0
[2024-10-11 14:16:01.020] [error] Total size 366.0 0
[2024-10-11 14:16:01.028] [error] Total size 366.0 0
[2024-10-11 14:16:01.029] [error] Total size 366.0 0
[2024-10-11 14:16:01.029] [error] Total size 366.0 0
[2024-10-11 14:16:01.029] [error] Total size 366.0 0
[2024-10-11 14:16:01.029] [error] Total size 386.0 0
[2024-10-11 14:16:01.031] [error] Total size 386.0 0
[2024-10-11 14:16:01.032] [error] Total size 386.0 0
[2024-10-11 14:16:01.033] [error] Total size 386.0 0
[2024-10-11 14:16:01.034] [error] Total size 386.0 0
[2024-10-11 14:16:01.035] [error] Total size 386.0 0
[2024-10-11 14:16:01.036] [error] Total size 386.0 0
[2024-10-11 14:16:01.037] [error] Total size 386.0 0
[2024-10-11 14:16:01.038] [error] Total size 386.0 0
[2024-10-11 14:16:01.038] [error] Total size 386.0 0
[2024-10-11 14:16:01.038] [error] Total size 386.0 0
[2024-10-11 14:16:01.038] [error] Total size 402.0 0
[2024-10-11 14:16:01.046] [error] Total size 402.0 0
[2024-10-11 14:16:01.046] [error] Total size 402.0 0
[2024-10-11 14:16:01.047] [error] Total size 418.0 0
[2024-10-11 14:16:01.055] [error] Total size 418.0 0
[2024-10-11 14:16:01.055] [error] Total size 418.0 0
[2024-10-11 14:16:01.055] [error] Total size 418.0 0
[2024-10-11 14:16:01.055] [error] Total size 418.0 0
[2024-10-11 14:16:01.057] [error] Total size 418.0 0
[2024-10-11 14:16:01.058] [error] Total size 418.0 0
[2024-10-11 14:16:01.058] [error] Total size 438.0 0
[2024-10-11 14:16:01.059] [error] Total size 438.0 0
[2024-10-11 14:16:01.060] [error] Total size 438.0 0
[2024-10-11 14:16:01.061] [error] Total size 438.0 0
[2024-10-11 14:16:01.062] [error] Total size 438.0 0
[2024-10-11 14:16:01.064] [error] Total size 438.0 0
[2024-10-11 14:16:01.064] [error] Total size 438.0 0
[2024-10-11 14:16:01.064] [error] Total size 438.0 0
[2024-10-11 14:16:01.064] [error] Total size 438.0 0
[2024-10-11 14:16:01.064] [error] Total size 454.0 0
[2024-10-11 14:16:01.072] [error] Total size 454.0 0
[2024-10-11 14:16:01.073] [error] Total size 454.0 0
[2024-10-11 14:16:01.073] [error] Total size 470.0 0
[2024-10-11 14:16:01.082] [error] Total size 470.0 0
[2024-10-11 14:16:01.082] [error] Total size 470.0 0
[2024-10-11 14:16:01.082] [error] Total size 470.0 0
[2024-10-11 14:16:01.082] [error] Total size 470.0 0
[2024-10-11 14:16:01.085] [error] Total size 470.0 0
[2024-10-11 14:16:01.085] [error] Total size 470.0 0
[2024-10-11 14:16:01.087] [error] Total size 470.0 0
[2024-10-11 14:16:01.087] [error] Total size 470.0 0
[2024-10-11 14:16:01.087] [error] Total size 490.0 0
[2024-10-11 14:16:01.089] [error] Total size 490.0 0
[2024-10-11 14:16:01.089] [error] Total size 490.0 0
[2024-10-11 14:16:01.091] [error] Total size 490.0 0
[2024-10-11 14:16:01.091] [error] Total size 490.0 0
[2024-10-11 14:16:01.091] [error] Total size 490.0 0
[2024-10-11 14:16:01.091] [error] Total size 490.0 0
[2024-10-11 14:16:01.091] [error] Total size 506.0 0
[2024-10-11 14:16:01.099] [error] Total size 506.0 0
[2024-10-11 14:16:01.100] [error] Total size 506.0 0
[2024-10-11 14:16:01.100] [error] Total size 522.0 0
[2024-10-11 14:16:01.108] [error] Total size 522.0 0
[2024-10-11 14:16:01.109] [error] Total size 522.0 0
[2024-10-11 14:16:01.109] [error] Total size 522.0 0
[2024-10-11 14:16:01.109] [error] Total size 522.0 0
[2024-10-11 14:16:01.111] [error] Total size 522.0 0
[2024-10-11 14:16:01.111] [error] Total size 522.0 0
[2024-10-11 14:16:01.113] [error] Total size 522.0 0
[2024-10-11 14:16:01.113] [error] Total size 522.0 0
[2024-10-11 14:16:01.115] [error] Total size 522.0 0
[2024-10-11 14:16:01.115] [error] Total size 522.0 0
[2024-10-11 14:16:01.116] [error] Total size 542.0 0
[2024-10-11 14:16:01.117] [error] Total size 542.0 0
[2024-10-11 14:16:01.118] [error] Total size 542.0 0
[2024-10-11 14:16:01.118] [error] Total size 542.0 0
[2024-10-11 14:16:01.118] [error] Total size 542.0 0
[2024-10-11 14:16:01.126] [error] Total size 542.0 0
[2024-10-11 14:16:01.126] [error] Total size 542.0 0
[2024-10-11 14:16:01.126] [error] Total size 558.0 0
[2024-10-11 14:16:01.134] [error] Total size 558.0 0
[2024-10-11 14:16:01.135] [error] Total size 558.0 0
[2024-10-11 14:16:01.135] [error] Total size 558.0 0
[2024-10-11 14:16:01.135] [error] Total size 558.0 0
[2024-10-11 14:16:01.135] [error] Total size 578.0 0
[2024-10-11 14:16:01.137] [error] Total size 578.0 0
[2024-10-11 14:16:01.137] [error] Total size 578.0 0
[2024-10-11 14:16:01.139] [error] Total size 578.0 0
[2024-10-11 14:16:01.139] [error] Total size 578.0 0
[2024-10-11 14:16:01.141] [error] Total size 578.0 0
[2024-10-11 14:16:01.141] [error] Total size 578.0 0
[2024-10-11 14:16:01.143] [error] Total size 578.0 0
[2024-10-11 14:16:01.143] [error] Total size 578.0 0
[2024-10-11 14:16:01.143] [error] Total size 578.0 0
[2024-10-11 14:16:01.143] [error] Total size 578.0 0
[2024-10-11 14:16:01.144] [error] Total size 594.0 0
[2024-10-11 14:16:01.152] [error] Total size 594.0 0
[2024-10-11 14:16:01.152] [error] Total size 594.0 0
[2024-10-11 14:16:01.152] [error] Total size 610.0 0
[2024-10-11 14:16:01.161] [error] Total size 610.0 0
[2024-10-11 14:16:01.161] [error] Total size 610.0 0
[2024-10-11 14:16:01.161] [error] Total size 610.0 0
[2024-10-11 14:16:01.161] [error] Total size 610.0 0
[2024-10-11 14:16:01.163] [error] Total size 610.0 0
[2024-10-11 14:16:01.163] [error] Total size 610.0 0
[2024-10-11 14:16:01.163] [error] Total size 630.0 0
[2024-10-11 14:16:01.165] [error] Total size 630.0 0
[2024-10-11 14:16:01.165] [error] Total size 630.0 0
[2024-10-11 14:16:01.167] [error] Total size 630.0 0
[2024-10-11 14:16:01.168] [error] Total size 630.0 0
[2024-10-11 14:16:01.169] [error] Total size 630.0 0
[2024-10-11 14:16:01.170] [error] Total size 630.0 0
[2024-10-11 14:16:01.170] [error] Total size 630.0 0
[2024-10-11 14:16:01.170] [error] Total size 630.0 0
[2024-10-11 14:16:01.170] [error] Total size 646.0 0
[2024-10-11 14:16:01.178] [error] Total size 646.0 0
[2024-10-11 14:16:01.179] [error] Total size 646.0 0
[2024-10-11 14:16:01.179] [error] Total size 662.0 0
[2024-10-11 14:16:01.187] [error] Total size 662.0 0
[2024-10-11 14:16:01.188] [error] Total size 662.0 0
[2024-10-11 14:16:01.188] [error] Total size 662.0 0
[2024-10-11 14:16:01.188] [error] Total size 662.0 0
[2024-10-11 14:16:01.190] [error] Total size 662.0 0
[2024-10-11 14:16:01.190] [error] Total size 662.0 0
[2024-10-11 14:16:01.192] [error] Total size 662.0 0
[2024-10-11 14:16:01.192] [error] Total size 662.0 0
[2024-10-11 14:16:01.192] [error] Total size 682.0 0
[2024-10-11 14:16:01.194] [error] Total size 682.0 0
[2024-10-11 14:16:01.194] [error] Total size 682.0 0
[2024-10-11 14:16:01.196] [error] Total size 682.0 0
[2024-10-11 14:16:01.196] [error] Total size 682.0 0
[2024-10-11 14:16:01.197] [error] Total size 682.0 0
[2024-10-11 14:16:01.197] [error] Total size 682.0 0
[2024-10-11 14:16:01.197] [error] Total size 698.0 0
[2024-10-11 14:16:01.205] [error] Total size 698.0 0
[2024-10-11 14:16:01.205] [error] Total size 698.0 0
[2024-10-11 14:16:01.205] [error] Total size 714.0 0
[2024-10-11 14:16:01.214] [error] Total size 714.0 0
[2024-10-11 14:16:01.214] [error] Total size 714.0 0
[2024-10-11 14:16:01.214] [error] Total size 714.0 0
[2024-10-11 14:16:01.214] [error] Total size 714.0 0
[2024-10-11 14:16:01.216] [error] Total size 714.0 0
[2024-10-11 14:16:01.216] [error] Total size 714.0 0
[2024-10-11 14:16:01.218] [error] Total size 714.0 0
[2024-10-11 14:16:01.218] [error] Total size 714.0 0
[2024-10-11 14:16:01.220] [error] Total size 714.0 0
[2024-10-11 14:16:01.220] [error] Total size 714.0 0
[2024-10-11 14:16:01.221] [error] Total size 734.0 0
[2024-10-11 14:16:01.222] [error] Total size 734.0 0
[2024-10-11 14:16:01.223] [error] Total size 734.0 0
[2024-10-11 14:16:01.223] [error] Total size 734.0 0
[2024-10-11 14:16:01.223] [error] Total size 734.0 0
[2024-10-11 14:16:01.231] [error] Total size 734.0 0
[2024-10-11 14:16:01.231] [error] Total size 734.0 0
[2024-10-11 14:16:01.231] [error] Total size 750.0 0
[2024-10-11 14:16:01.239] [error] Total size 750.0 0
[2024-10-11 14:16:01.240] [error] Total size 750.0 0
[2024-10-11 14:16:01.240] [error] Total size 750.0 0
[2024-10-11 14:16:01.240] [error] Total size 750.0 0
[2024-10-11 14:16:01.240] [error] Total size 770.0 0
[2024-10-11 14:16:01.242] [error] Total size 770.0 0
[2024-10-11 14:16:01.243] [error] Total size 770.0 0
[2024-10-11 14:16:01.244] [error] Total size 770.0 0
[2024-10-11 14:16:01.245] [error] Total size 770.0 0
[2024-10-11 14:16:01.247] [error] Total size 770.0 0
[2024-10-11 14:16:01.247] [error] Total size 770.0 0
[2024-10-11 14:16:01.249] [error] Total size 770.0 0
[2024-10-11 14:16:01.249] [error] Total size 770.0 0
[2024-10-11 14:16:01.249] [error] Total size 770.0 0
[2024-10-11 14:16:01.249] [error] Total size 770.0 0
[2024-10-11 14:16:01.249] [error] Total size 786.0 0
[2024-10-11 14:16:01.257] [error] Total size 786.0 0
[2024-10-11 14:16:01.258] [error] Total size 786.0 0
[2024-10-11 14:16:01.258] [error] Total size 802.0 0
[2024-10-11 14:16:01.266] [error] Total size 802.0 0
[2024-10-11 14:16:01.267] [error] Total size 802.0 0
[2024-10-11 14:16:01.267] [error] Total size 802.0 0
[2024-10-11 14:16:01.267] [error] Total size 802.0 0
[2024-10-11 14:16:01.269] [error] Total size 802.0 0
[2024-10-11 14:16:01.269] [error] Total size 802.0 0
[2024-10-11 14:16:01.269] [error] Total size 822.0 0
[2024-10-11 14:16:01.271] [error] Total size 822.0 0
[2024-10-11 14:16:01.271] [error] Total size 822.0 0
[2024-10-11 14:16:01.273] [error] Total size 822.0 0
[2024-10-11 14:16:01.273] [error] Total size 822.0 0
[2024-10-11 14:16:01.275] [error] Total size 822.0 0
[2024-10-11 14:16:01.275] [error] Total size 822.0 0
[2024-10-11 14:16:01.275] [error] Total size 822.0 0
[2024-10-11 14:16:01.275] [error] Total size 822.0 0
[2024-10-11 14:16:01.275] [error] Total size 838.0 0
[2024-10-11 14:16:01.283] [error] Total size 838.0 0
[2024-10-11 14:16:01.284] [error] Total size 838.0 0
[2024-10-11 14:16:01.284] [error] Total size 854.0 0
[2024-10-11 14:16:01.292] [error] Total size 854.0 0
[2024-10-11 14:16:01.293] [error] Total size 854.0 0
[2024-10-11 14:16:01.293] [error] Total size 854.0 0
[2024-10-11 14:16:01.293] [error] Total size 854.0 0
[2024-10-11 14:16:01.295] [error] Total size 854.0 0
[2024-10-11 14:16:01.295] [error] Total size 854.0 0
[2024-10-11 14:16:01.297] [error] Total size 854.0 0
[2024-10-11 14:16:01.297] [error] Total size 854.0 0
[2024-10-11 14:16:01.297] [error] Total size 874.0 0
[2024-10-11 14:16:01.299] [error] Total size 874.0 0
[2024-10-11 14:16:01.299] [error] Total size 874.0 0
[2024-10-11 14:16:01.301] [error] Total size 874.0 0
[2024-10-11 14:16:01.301] [error] Total size 874.0 0
[2024-10-11 14:16:01.301] [error] Total size 874.0 0
[2024-10-11 14:16:01.301] [error] Total size 874.0 0
[2024-10-11 14:16:01.301] [error] Total size 890.0 0
[2024-10-11 14:16:01.310] [error] Total size 890.0 0
[2024-10-11 14:16:01.310] [error] Total size 890.0 0
[2024-10-11 14:16:01.310] [error] Total size 906.0 0
[2024-10-11 14:16:01.318] [error] Total size 906.0 0
[2024-10-11 14:16:01.319] [error] Total size 906.0 0
[2024-10-11 14:16:01.319] [error] Total size 906.0 0
[2024-10-11 14:16:01.319] [error] Total size 906.0 0
[2024-10-11 14:16:01.321] [error] Total size 906.0 0
[2024-10-11 14:16:01.321] [error] Total size 906.0 0
[2024-10-11 14:16:01.323] [error] Total size 906.0 0
[2024-10-11 14:16:01.323] [error] Total size 906.0 0
[2024-10-11 14:16:01.325] [error] Total size 906.0 0
[2024-10-11 14:16:01.325] [error] Total size 906.0 0
[2024-10-11 14:16:01.326] [error] Total size 926.0 0
[2024-10-11 14:16:01.327] [error] Total size 926.0 0
[2024-10-11 14:16:01.328] [error] Total size 926.0 0
[2024-10-11 14:16:01.328] [error] Total size 926.0 0
[2024-10-11 14:16:01.328] [error] Total size 926.0 0
[2024-10-11 14:16:01.336] [error] Total size 926.0 0
[2024-10-11 14:16:01.337] [error] Total size 926.0 0
[2024-10-11 14:16:01.337] [error] Total size 942.0 0
[2024-10-11 14:16:01.345] [error] Total size 942.0 0
[2024-10-11 14:16:01.345] [error] Total size 942.0 0
[2024-10-11 14:16:01.345] [error] Total size 942.0 0
[2024-10-11 14:16:01.346] [error] Total size 942.0 0
[2024-10-11 14:16:01.346] [error] Total size 962.0 0
[2024-10-11 14:16:01.348] [error] Total size 962.0 0
[2024-10-11 14:16:01.348] [error] Total size 962.0 0
[2024-10-11 14:16:01.350] [error] Total size 962.0 0
[2024-10-11 14:16:01.350] [error] Total size 962.0 0
[2024-10-11 14:16:01.352] [error] Total size 962.0 0
[2024-10-11 14:16:01.352] [error] Total size 962.0 0
[2024-10-11 14:16:01.354] [error] Total size 962.0 0
[2024-10-11 14:16:01.354] [error] Total size 962.0 0
[2024-10-11 14:16:01.354] [error] Total size 962.0 0
[2024-10-11 14:16:01.354] [error] Total size 962.0 0
[2024-10-11 14:16:01.354] [error] Total size 978.0 0
[2024-10-11 14:16:01.363] [error] Total size 978.0 0
[2024-10-11 14:16:01.363] [error] Total size 978.0 0
[2024-10-11 14:16:01.363] [error] Total size 994.0 0
[2024-10-11 14:16:01.371] [error] Total size 994.0 0
[2024-10-11 14:16:01.372] [error] Total size 994.0 0
[2024-10-11 14:16:01.372] [error] Total size 994.0 0
[2024-10-11 14:16:01.372] [error] Total size 994.0 0
[2024-10-11 14:16:01.374] [error] Total size 994.0 0
[2024-10-11 14:16:01.374] [error] Total size 994.0 0
[2024-10-11 14:16:01.375] [error] Total size 1014.0 0
[2024-10-11 14:16:01.376] [error] Total size 1014.0 0
[2024-10-11 14:16:01.377] [error] Total size 1014.0 0
[2024-10-11 14:16:01.379] [error] Total size 1014.0 0
[2024-10-11 14:16:01.379] [error] Total size 1014.0 0
[2024-10-11 14:16:01.381] [error] Total size 1014.0 0
[2024-10-11 14:16:01.381] [error] Total size 1014.0 0
[2024-10-11 14:16:01.381] [error] Total size 1014.0 0
[2024-10-11 14:16:01.381] [error] Total size 1014.0 0
[2024-10-11 14:16:01.381] [error] Total size 1030.0 0
[2024-10-11 14:16:01.389] [error] Total size 1030.0 0
[2024-10-11 14:16:01.390] [error] Total size 1030.0 0
[2024-10-11 14:16:01.390] [error] Total size 1046.0 0
[2024-10-11 14:16:01.398] [error] Total size 1046.0 0
[2024-10-11 14:16:01.398] [error] Total size 1046.0 0
[2024-10-11 14:16:01.398] [error] Total size 1046.0 0
[2024-10-11 14:16:01.398] [error] Total size 1046.0 0
[2024-10-11 14:16:01.400] [error] Total size 1046.0 0
[2024-10-11 14:16:01.401] [error] Total size 1046.0 0
[2024-10-11 14:16:01.402] [error] Total size 1046.0 0
[2024-10-11 14:16:01.402] [error] Total size 1046.0 0
[2024-10-11 14:16:01.403] [error] Total size 1066.0 0
[2024-10-11 14:16:01.404] [error] Total size 1066.0 0
[2024-10-11 14:16:01.405] [error] Total size 1066.0 0
[2024-10-11 14:16:01.407] [error] Total size 1066.0 0
[2024-10-11 14:16:01.407] [error] Total size 1066.0 0
[2024-10-11 14:16:01.407] [error] Total size 1066.0 0
[2024-10-11 14:16:01.407] [error] Total size 1066.0 0
[2024-10-11 14:16:01.407] [error] Total size 1082.0 0
[2024-10-11 14:16:01.415] [error] Total size 1082.0 0
[2024-10-11 14:16:01.416] [error] Total size 1082.0 0
[2024-10-11 14:16:01.416] [error] Total size 1098.0 0
[2024-10-11 14:16:01.424] [error] Total size 1098.0 0
[2024-10-11 14:16:01.424] [error] Total size 1098.0 0
[2024-10-11 14:16:01.424] [error] Total size 1098.0 0
[2024-10-11 14:16:01.424] [error] Total size 1098.0 0
[2024-10-11 14:16:01.426] [error] Total size 1098.0 0
[2024-10-11 14:16:01.427] [error] Total size 1098.0 0
[2024-10-11 14:16:01.428] [error] Total size 1098.0 0
[2024-10-11 14:16:01.429] [error] Total size 1098.0 0
[2024-10-11 14:16:01.430] [error] Total size 1098.0 0
[2024-10-11 14:16:01.431] [error] Total size 1098.0 0
[2024-10-11 14:16:01.431] [error] Total size 1118.0 0
[2024-10-11 14:16:01.433] [error] Total size 1118.0 0
[2024-10-11 14:16:01.433] [error] Total size 1118.0 0
[2024-10-11 14:16:01.433] [error] Total size 1118.0 0
[2024-10-11 14:16:01.433] [error] Total size 1118.0 0
[2024-10-11 14:16:01.441] [error] Total size 1118.0 0
[2024-10-11 14:16:01.441] [error] Total size 1118.0 0
[2024-10-11 14:16:01.442] [error] Total size 1134.0 0
[2024-10-11 14:16:01.450] [error] Total size 1134.0 0
[2024-10-11 14:16:01.450] [error] Total size 1134.0 0
[2024-10-11 14:16:01.450] [error] Total size 1134.0 0
[2024-10-11 14:16:01.450] [error] Total size 1134.0 0
[2024-10-11 14:16:01.450] [error] Total size 1154.0 0
[2024-10-11 14:16:01.452] [error] Total size 1154.0 0
[2024-10-11 14:16:01.453] [error] Total size 1154.0 0
[2024-10-11 14:16:01.454] [error] Total size 1154.0 0
[2024-10-11 14:16:01.455] [error] Total size 1154.0 0
[2024-10-11 14:16:01.456] [error] Total size 1154.0 0
[2024-10-11 14:16:01.457] [error] Total size 1154.0 0
[2024-10-11 14:16:01.459] [error] Total size 1154.0 0
[2024-10-11 14:16:01.459] [error] Total size 1154.0 0
[2024-10-11 14:16:01.459] [error] Total size 1154.0 0
[2024-10-11 14:16:01.459] [error] Total size 1154.0 0
[2024-10-11 14:16:01.459] [error] Total size 1170.0 0
[2024-10-11 14:16:01.467] [error] Total size 1170.0 0
[2024-10-11 14:16:01.468] [error] Total size 1170.0 0
[2024-10-11 14:16:01.468] [error] Total size 1186.0 0
[2024-10-11 14:16:01.476] [error] Total size 1186.0 0
[2024-10-11 14:16:01.477] [error] Total size 1186.0 0
[2024-10-11 14:16:01.477] [error] Total size 1186.0 0
[2024-10-11 14:16:01.477] [error] Total size 1186.0 0
[2024-10-11 14:16:01.479] [error] Total size 1186.0 0
[2024-10-11 14:16:01.479] [error] Total size 1186.0 0
[2024-10-11 14:16:01.479] [error] Total size 1206.0 0
[2024-10-11 14:16:01.481] [error] Total size 1206.0 0
[2024-10-11 14:16:01.481] [error] Total size 1206.0 0
[2024-10-11 14:16:01.483] [error] Total size 1206.0 0
[2024-10-11 14:16:01.483] [error] Total size 1206.0 0
[2024-10-11 14:16:01.485] [error] Total size 1206.0 0
[2024-10-11 14:16:01.485] [error] Total size 1206.0 0
[2024-10-11 14:16:01.485] [error] Total size 1206.0 0
[2024-10-11 14:16:01.485] [error] Total size 1206.0 0
[2024-10-11 14:16:01.485] [error] Total size 1222.0 0
[2024-10-11 14:16:01.493] [error] Total size 1222.0 0
[2024-10-11 14:16:01.494] [error] Total size 1222.0 0
[2024-10-11 14:16:01.494] [error] Total size 1238.0 0
[2024-10-11 14:16:01.502] [error] Total size 1238.0 0
[2024-10-11 14:16:01.503] [error] Total size 1238.0 0
[2024-10-11 14:16:01.503] [error] Total size 1238.0 0
[2024-10-11 14:16:01.503] [error] Total size 1238.0 0
[2024-10-11 14:16:01.505] [error] Total size 1238.0 0
[2024-10-11 14:16:01.505] [error] Total size 1238.0 0
[2024-10-11 14:16:01.507] [error] Total size 1238.0 0
[2024-10-11 14:16:01.507] [error] Total size 1238.0 0
[2024-10-11 14:16:01.508] [error] Total size 1258.0 0
[2024-10-11 14:16:01.510] [error] Total size 1258.0 0
[2024-10-11 14:16:01.510] [error] Total size 1258.0 0
[2024-10-11 14:16:01.512] [error] Total size 1258.0 0
[2024-10-11 14:16:01.512] [error] Total size 1258.0 0
[2024-10-11 14:16:01.512] [error] Total size 1258.0 0
[2024-10-11 14:16:01.512] [error] Total size 1258.0 0
[2024-10-11 14:16:01.512] [error] Total size 1274.0 0
[2024-10-11 14:16:01.520] [error] Total size 1274.0 0
[2024-10-11 14:16:01.521] [error] Total size 1274.0 0
[2024-10-11 14:16:01.521] [error] Total size 1290.0 0
[2024-10-11 14:16:01.529] [error] Total size 1290.0 0
[2024-10-11 14:16:01.529] [error] Total size 1290.0 0
[2024-10-11 14:16:01.529] [error] Total size 1290.0 0
[2024-10-11 14:16:01.529] [error] Total size 1290.0 0
[2024-10-11 14:16:01.532] [error] Total size 1290.0 0
[2024-10-11 14:16:01.532] [error] Total size 1290.0 0
[2024-10-11 14:16:01.532] [error] Total size 1290.0 0
[2024-10-11 14:16:01.532] [error] Total size 1290.0 0
[2024-10-11 14:16:01.536] [error] Total size 1290.0 0
[2024-10-11 14:16:01.536] [error] Total size 1290.0 0
[2024-10-11 14:16:01.536] [error] Total size 1290.0 0
[2024-10-11 14:16:01.536] [error] Total size 1290.0 0
[2024-10-11 14:16:01.629] [error] Total size 1292.0 0
[2024-10-11 14:16:01.641] [error] Total size 1312.0 0
[2024-10-11 14:16:01.648] [error] Total size 1332.0 0
[2024-10-11 14:16:01.738] [error] Total size 1332.0 0
[2024-10-11 14:16:01.740] [error] Total size 1332.0 0
[2024-10-11 14:16:01.740] [error] Total size 1332.0 0
[2024-10-11 14:16:01.740] [error] Total size 1332.0 0
[2024-10-11 14:16:01.740] [error] Total size 1332.0 0
[2024-10-11 14:16:01.740] [error] Total size 1332.0 0
[2024-10-11 14:16:01.742] [error] Message from the orchestrator! Code 1
[2024-10-11 14:16:01.742] [info] [ExecutionStatus] CPU execution!
[2024-10-11 14:16:01.742] [error] Message from the orchestrator! Code 3
[2024-10-11 14:16:01.742] [info] [ExecutionStatus] Full execution!
[2024-10-11 14:16:01.742] [error] Second invoc, let's do swap
[2024-10-11 14:16:02.092] [error] SwapOut 349.341
[2024-10-11 14:16:02.213] [error] Synchronize 0
[2024-10-11 14:16:02.304] [error] SwapIn 211.79
[2024-10-11 14:16:02.304] [error] Total size 1332.0 0
[2024-10-11 14:16:02.304] [error] Total size 1332.0 0
[2024-10-11 14:16:02.304] [error] Total size 1332.0 0
[2024-10-11 14:16:02.304] [error] Total size 1332.0 0
[2024-10-11 14:16:02.304] [error] Total size 1332.0 0
[2024-10-11 14:16:02.324] [error] Total size 1332.0 0
[2024-10-11 14:16:02.324] [error] Total size 1332.0 0
[2024-10-11 14:16:02.324] [error] Total size 1332.0 0
[2024-10-11 14:16:02.324] [error] Total size 1332.0 0
[2024-10-11 14:16:02.324] [error] Total size 1332.0 0
[2024-10-11 14:16:02.324] [error] Total size 1332.0 0
[2024-10-11 14:16:02.327] [error] Message from the orchestrator! Code 1
[2024-10-11 14:16:02.327] [info] [ExecutionStatus] CPU execution!
[2024-10-11 14:16:02.327] [error] Message from the orchestrator! Code 3
[2024-10-11 14:16:02.327] [info] [ExecutionStatus] Full execution!
[2024-10-11 14:16:02.337] [error] Total size 1332.0 0
[2024-10-11 14:16:02.337] [error] Total size 1332.0 0
[2024-10-11 14:16:02.337] [error] Total size 1332.0 0
[2024-10-11 14:16:02.337] [error] Total size 1332.0 0
[2024-10-11 14:16:02.357] [error] Total size 1332.0 0
[2024-10-11 14:16:02.357] [error] Total size 1332.0 0
[2024-10-11 14:16:02.357] [error] Total size 1332.0 0
[2024-10-11 14:16:02.357] [error] Total size 1332.0 0
[2024-10-11 14:16:02.357] [error] Total size 1332.0 0
[2024-10-11 14:16:02.357] [error] Total size 1332.0 0
[2024-10-11 14:16:02.359] [error] Message from the orchestrator! Code 1
[2024-10-11 14:16:02.359] [info] [ExecutionStatus] CPU execution!
[2024-10-11 14:16:02.359] [error] Message from the orchestrator! Code 3
[2024-10-11 14:16:02.359] [info] [ExecutionStatus] Full execution!
[2024-10-11 14:16:02.369] [error] Total size 1332.0 0
[2024-10-11 14:16:02.369] [error] Total size 1332.0 0
[2024-10-11 14:16:02.369] [error] Total size 1332.0 0
[2024-10-11 14:16:02.369] [error] Total size 1332.0 0
[2024-10-11 14:16:02.389] [error] Total size 1332.0 0
[2024-10-11 14:16:02.390] [error] Total size 1332.0 0
[2024-10-11 14:16:02.390] [error] Total size 1332.0 0
[2024-10-11 14:16:02.390] [error] Total size 1332.0 0
[2024-10-11 14:16:02.390] [error] Total size 1332.0 0
[2024-10-11 14:16:02.390] [error] Total size 1332.0 0
