[0;90m2024-10-11 12:54:02.120 [0;1;93m[Warning][m: IPC channel still there, doing an unlink of server-user-1-function-1
[0;90m2024-10-11 12:54:02.120 [0;1;96m[ Debug ][m: Application registered management segment 0x7a172c740000 with size 65796264 to id 1
[0;90m2024-10-11 12:54:02.121 [0;1;96m[ Debug ][m: Application registered payload data segment 0x7a15b5538000 with size 6293584200 to id 2
[2024-10-11 12:54:02.121] [error] Enabling use of VMM-based allocations in CUDA!
[2024-10-11 12:54:02.232] [error] Message from the orchestrator! Code 1
[2024-10-11 12:54:02.232] [info] [ExecutionStatus] CPU execution!
[2024-10-11 12:54:02.687] [error] Blocking memory operation! Saving position 0 from 1
[2024-10-11 12:54:02.758] [error] Message from the orchestrator! Code 3
[2024-10-11 12:54:02.758] [info] [ExecutionStatus] Full execution!
[2024-10-11 12:54:02.758] [error] Finishing trace execution from position 0 from 1, 1
[2024-10-11 12:54:02.828] [error] Message from the orchestrator! Code 1
[2024-10-11 12:54:02.828] [info] [ExecutionStatus] CPU execution!
[2024-10-11 12:54:03.281] [error] Blocking memory operation! Saving position 0 from 1
[2024-10-11 12:54:03.348] [error] Message from the orchestrator! Code 3
[2024-10-11 12:54:03.348] [info] [ExecutionStatus] Full execution!
[2024-10-11 12:54:03.348] [error] Finishing trace execution from position 0 from 1, 1
[2024-10-11 12:54:03.418] [error] Message from the orchestrator! Code 1
[2024-10-11 12:54:03.418] [info] [ExecutionStatus] CPU execution!
[2024-10-11 12:54:03.861] [error] Message from the orchestrator! Code 3
[2024-10-11 12:54:03.861] [info] [ExecutionStatus] Full execution!
[2024-10-11 12:54:03.934] [error] Message from the orchestrator! Code 1
[2024-10-11 12:54:03.934] [info] [ExecutionStatus] CPU execution!
[2024-10-11 12:54:04.371] [error] Message from the orchestrator! Code 3
[2024-10-11 12:54:04.371] [info] [ExecutionStatus] Full execution!
[2024-10-11 12:54:04.449] [error] Message from the orchestrator! Code 1
[2024-10-11 12:54:04.449] [info] [ExecutionStatus] CPU execution!
[2024-10-11 12:54:04.875] [error] Message from the orchestrator! Code 3
[2024-10-11 12:54:04.875] [info] [ExecutionStatus] Full execution!
[2024-10-11 12:54:04.953] [error] Message from the orchestrator! Code 1
[2024-10-11 12:54:04.953] [info] [ExecutionStatus] CPU execution!
[2024-10-11 12:54:05.378] [error] Message from the orchestrator! Code 3
[2024-10-11 12:54:05.378] [info] [ExecutionStatus] Full execution!
[2024-10-11 12:54:05.459] [error] Message from the orchestrator! Code 1
[2024-10-11 12:54:05.459] [info] [ExecutionStatus] CPU execution!
[2024-10-11 12:54:05.887] [error] Message from the orchestrator! Code 3
[2024-10-11 12:54:05.887] [info] [ExecutionStatus] Full execution!
[2024-10-11 12:54:05.970] [error] Message from the orchestrator! Code 1
[2024-10-11 12:54:05.970] [info] [ExecutionStatus] CPU execution!
[2024-10-11 12:54:06.400] [error] Message from the orchestrator! Code 3
[2024-10-11 12:54:06.400] [info] [ExecutionStatus] Full execution!
[2024-10-11 12:54:06.484] [error] Message from the orchestrator! Code 1
[2024-10-11 12:54:06.484] [info] [ExecutionStatus] CPU execution!
[2024-10-11 12:54:06.911] [error] Message from the orchestrator! Code 3
[2024-10-11 12:54:06.911] [info] [ExecutionStatus] Full execution!
[2024-10-11 12:54:07.000] [error] Message from the orchestrator! Code 1
[2024-10-11 12:54:07.000] [info] [ExecutionStatus] CPU execution!
[2024-10-11 12:54:07.424] [error] Message from the orchestrator! Code 3
[2024-10-11 12:54:07.424] [info] [ExecutionStatus] Full execution!
[2024-10-11 12:54:07.517] [error] Message from the orchestrator! Code 1
[2024-10-11 12:54:07.517] [info] [ExecutionStatus] CPU execution!
[2024-10-11 12:54:07.940] [error] Message from the orchestrator! Code 3
[2024-10-11 12:54:07.940] [info] [ExecutionStatus] Full execution!
