[0;90m2024-10-11 12:54:20.953 [0;1;93m[Warning][m: IPC channel still there, doing an unlink of user-1-function-1
[0;90m2024-10-11 12:54:20.953 [0;1;96m[ Debug ][m: Application registered management segment 0x7e43fe540000 with size 65796264 to id 1
[0;90m2024-10-11 12:54:20.953 [0;1;96m[ Debug ][m: Application registered payload data segment 0x7e4287338000 with size 6293584200 to id 2
[2024-10-11 12:54:20.958] [info] Running on CPU: 8
[2024-10-11 12:54:21.229] [info] Invoke, data size 300, input string { "grid-rows": 512, "pyramid-height": 2, "total-iterations": 2, "tfile": "/work/serverless/2024/gpus/mignificient-artifact/benchmark-inputs/rodinia/hotspot/temp_512", "pfile": "/work/serverless/2024/gpus/mignificient-artifact/benchmark-inputs/rodinia/hotspot/power_512", "ofile": "OUT-hotspot-2.txt"}
pyramidHeight: 2
gridSize: [512, 512]
border:[2, 2]
blockGrid:[43, 43]
targetBlock:[12, 12]
Start computing the transient temperature
Ending simulation
total time: 0.09158900
[2024-10-11 12:54:21.322] [info] Finished invocation 91.608
[2024-10-11 12:54:21.430] [info] Invoke, data size 300, input string { "grid-rows": 512, "pyramid-height": 2, "total-iterations": 2, "tfile": "/work/serverless/2024/gpus/mignificient-artifact/benchmark-inputs/rodinia/hotspot/temp_512", "pfile": "/work/serverless/2024/gpus/mignificient-artifact/benchmark-inputs/rodinia/hotspot/power_512", "ofile": "OUT-hotspot-2.txt"}
pyramidHeight: 2
gridSize: [512, 512]
border:[2, 2]
blockGrid:[43, 43]
targetBlock:[12, 12]
Start computing the transient temperature
Ending simulation
total time: 0.09139700
[2024-10-11 12:54:21.522] [info] Finished invocation 91.418
[2024-10-11 12:54:21.632] [info] Invoke, data size 300, input string { "grid-rows": 512, "pyramid-height": 2, "total-iterations": 2, "tfile": "/work/serverless/2024/gpus/mignificient-artifact/benchmark-inputs/rodinia/hotspot/temp_512", "pfile": "/work/serverless/2024/gpus/mignificient-artifact/benchmark-inputs/rodinia/hotspot/power_512", "ofile": "OUT-hotspot-2.txt"}
pyramidHeight: 2
gridSize: [512, 512]
border:[2, 2]
blockGrid:[43, 43]
targetBlock:[12, 12]
Start computing the transient temperature
Ending simulation
total time: 0.09096900
[2024-10-11 12:54:21.724] [info] Finished invocation 90.987
[2024-10-11 12:54:21.832] [info] Invoke, data size 300, input string { "grid-rows": 512, "pyramid-height": 2, "total-iterations": 2, "tfile": "/work/serverless/2024/gpus/mignificient-artifact/benchmark-inputs/rodinia/hotspot/temp_512", "pfile": "/work/serverless/2024/gpus/mignificient-artifact/benchmark-inputs/rodinia/hotspot/power_512", "ofile": "OUT-hotspot-2.txt"}
pyramidHeight: 2
gridSize: [512, 512]
border:[2, 2]
blockGrid:[43, 43]
targetBlock:[12, 12]
Start computing the transient temperature
Ending simulation
total time: 0.09040000
[2024-10-11 12:54:21.923] [info] Finished invocation 90.415
[2024-10-11 12:54:22.030] [info] Invoke, data size 300, input string { "grid-rows": 512, "pyramid-height": 2, "total-iterations": 2, "tfile": "/work/serverless/2024/gpus/mignificient-artifact/benchmark-inputs/rodinia/hotspot/temp_512", "pfile": "/work/serverless/2024/gpus/mignificient-artifact/benchmark-inputs/rodinia/hotspot/power_512", "ofile": "OUT-hotspot-2.txt"}
pyramidHeight: 2
gridSize: [512, 512]
border:[2, 2]
blockGrid:[43, 43]
targetBlock:[12, 12]
Start computing the transient temperature
Ending simulation
total time: 0.09127700
[2024-10-11 12:54:22.122] [info] Finished invocation 91.292
[2024-10-11 12:54:22.231] [info] Invoke, data size 300, input string { "grid-rows": 512, "pyramid-height": 2, "total-iterations": 2, "tfile": "/work/serverless/2024/gpus/mignificient-artifact/benchmark-inputs/rodinia/hotspot/temp_512", "pfile": "/work/serverless/2024/gpus/mignificient-artifact/benchmark-inputs/rodinia/hotspot/power_512", "ofile": "OUT-hotspot-2.txt"}
pyramidHeight: 2
gridSize: [512, 512]
border:[2, 2]
blockGrid:[43, 43]
targetBlock:[12, 12]
Start computing the transient temperature
Ending simulation
total time: 0.09012800
[2024-10-11 12:54:22.322] [info] Finished invocation 90.142
[2024-10-11 12:54:22.429] [info] Invoke, data size 300, input string { "grid-rows": 512, "pyramid-height": 2, "total-iterations": 2, "tfile": "/work/serverless/2024/gpus/mignificient-artifact/benchmark-inputs/rodinia/hotspot/temp_512", "pfile": "/work/serverless/2024/gpus/mignificient-artifact/benchmark-inputs/rodinia/hotspot/power_512", "ofile": "OUT-hotspot-2.txt"}
pyramidHeight: 2
gridSize: [512, 512]
border:[2, 2]
blockGrid:[43, 43]
targetBlock:[12, 12]
Start computing the transient temperature
Ending simulation
total time: 0.09095500
[2024-10-11 12:54:22.521] [info] Finished invocation 90.968
[2024-10-11 12:54:22.628] [info] Invoke, data size 300, input string { "grid-rows": 512, "pyramid-height": 2, "total-iterations": 2, "tfile": "/work/serverless/2024/gpus/mignificient-artifact/benchmark-inputs/rodinia/hotspot/temp_512", "pfile": "/work/serverless/2024/gpus/mignificient-artifact/benchmark-inputs/rodinia/hotspot/power_512", "ofile": "OUT-hotspot-2.txt"}
pyramidHeight: 2
gridSize: [512, 512]
border:[2, 2]
blockGrid:[43, 43]
targetBlock:[12, 12]
Start computing the transient temperature
Ending simulation
total time: 0.09095700
[2024-10-11 12:54:22.720] [info] Finished invocation 90.971
[2024-10-11 12:54:22.828] [info] Invoke, data size 300, input string { "grid-rows": 512, "pyramid-height": 2, "total-iterations": 2, "tfile": "/work/serverless/2024/gpus/mignificient-artifact/benchmark-inputs/rodinia/hotspot/temp_512", "pfile": "/work/serverless/2024/gpus/mignificient-artifact/benchmark-inputs/rodinia/hotspot/power_512", "ofile": "OUT-hotspot-2.txt"}
pyramidHeight: 2
gridSize: [512, 512]
border:[2, 2]
blockGrid:[43, 43]
targetBlock:[12, 12]
Start computing the transient temperature
Ending simulation
total time: 0.09058700
[2024-10-11 12:54:22.919] [info] Finished invocation 90.6
[2024-10-11 12:54:23.027] [info] Invoke, data size 300, input string { "grid-rows": 512, "pyramid-height": 2, "total-iterations": 2, "tfile": "/work/serverless/2024/gpus/mignificient-artifact/benchmark-inputs/rodinia/hotspot/temp_512", "pfile": "/work/serverless/2024/gpus/mignificient-artifact/benchmark-inputs/rodinia/hotspot/power_512", "ofile": "OUT-hotspot-2.txt"}
pyramidHeight: 2
gridSize: [512, 512]
border:[2, 2]
blockGrid:[43, 43]
targetBlock:[12, 12]
Start computing the transient temperature
Ending simulation
total time: 0.09297900
[2024-10-11 12:54:23.121] [info] Finished invocation 92.997
[2024-10-11 12:54:23.230] [info] Invoke, data size 300, input string { "grid-rows": 512, "pyramid-height": 2, "total-iterations": 2, "tfile": "/work/serverless/2024/gpus/mignificient-artifact/benchmark-inputs/rodinia/hotspot/temp_512", "pfile": "/work/serverless/2024/gpus/mignificient-artifact/benchmark-inputs/rodinia/hotspot/power_512", "ofile": "OUT-hotspot-2.txt"}
pyramidHeight: 2
gridSize: [512, 512]
border:[2, 2]
blockGrid:[43, 43]
targetBlock:[12, 12]
Start computing the transient temperature
Ending simulation
total time: 0.09016000
[2024-10-11 12:54:23.321] [info] Finished invocation 90.179
