[0;90m2024-10-11 12:54:20.968 [0;1;93m[Warning][m: IPC channel still there, doing an unlink of server-user-1-function-1
[0;90m2024-10-11 12:54:20.969 [0;1;96m[ Debug ][m: Application registered management segment 0x75c8eb740000 with size 65796264 to id 1
[0;90m2024-10-11 12:54:20.969 [0;1;96m[ Debug ][m: Application registered payload data segment 0x75c774538000 with size 6293584200 to id 2
[2024-10-11 12:54:20.969] [error] Enabling use of VMM-based allocations in CUDA!
[2024-10-11 12:54:21.222] [error] Message from the orchestrator! Code 1
[2024-10-11 12:54:21.222] [info] [ExecutionStatus] CPU execution!
[2024-10-11 12:54:21.222] [error] Message from the orchestrator! Code 3
[2024-10-11 12:54:21.222] [info] [ExecutionStatus] Full execution!
[2024-10-11 12:54:21.422] [error] Message from the orchestrator! Code 1
[2024-10-11 12:54:21.422] [info] [ExecutionStatus] CPU execution!
[2024-10-11 12:54:21.422] [error] Message from the orchestrator! Code 3
[2024-10-11 12:54:21.422] [info] [ExecutionStatus] Full execution!
[2024-10-11 12:54:21.624] [error] Message from the orchestrator! Code 1
[2024-10-11 12:54:21.624] [info] [ExecutionStatus] CPU execution!
[2024-10-11 12:54:21.624] [error] Message from the orchestrator! Code 3
[2024-10-11 12:54:21.624] [info] [ExecutionStatus] Full execution!
[2024-10-11 12:54:21.824] [error] Message from the orchestrator! Code 1
[2024-10-11 12:54:21.824] [info] [ExecutionStatus] CPU execution!
[2024-10-11 12:54:21.824] [error] Message from the orchestrator! Code 3
[2024-10-11 12:54:21.824] [info] [ExecutionStatus] Full execution!
[2024-10-11 12:54:22.022] [error] Message from the orchestrator! Code 1
[2024-10-11 12:54:22.022] [info] [ExecutionStatus] CPU execution!
[2024-10-11 12:54:22.022] [error] Message from the orchestrator! Code 3
[2024-10-11 12:54:22.022] [info] [ExecutionStatus] Full execution!
[2024-10-11 12:54:22.223] [error] Message from the orchestrator! Code 1
[2024-10-11 12:54:22.223] [info] [ExecutionStatus] CPU execution!
[2024-10-11 12:54:22.223] [error] Message from the orchestrator! Code 3
[2024-10-11 12:54:22.223] [info] [ExecutionStatus] Full execution!
[2024-10-11 12:54:22.421] [error] Message from the orchestrator! Code 1
[2024-10-11 12:54:22.421] [info] [ExecutionStatus] CPU execution!
[2024-10-11 12:54:22.421] [error] Message from the orchestrator! Code 3
[2024-10-11 12:54:22.421] [info] [ExecutionStatus] Full execution!
[2024-10-11 12:54:22.620] [error] Message from the orchestrator! Code 1
[2024-10-11 12:54:22.620] [info] [ExecutionStatus] CPU execution!
[2024-10-11 12:54:22.620] [error] Message from the orchestrator! Code 3
[2024-10-11 12:54:22.620] [info] [ExecutionStatus] Full execution!
[2024-10-11 12:54:22.820] [error] Message from the orchestrator! Code 1
[2024-10-11 12:54:22.820] [info] [ExecutionStatus] CPU execution!
[2024-10-11 12:54:22.820] [error] Message from the orchestrator! Code 3
[2024-10-11 12:54:22.820] [info] [ExecutionStatus] Full execution!
[2024-10-11 12:54:23.019] [error] Message from the orchestrator! Code 1
[2024-10-11 12:54:23.019] [info] [ExecutionStatus] CPU execution!
[2024-10-11 12:54:23.019] [error] Message from the orchestrator! Code 3
[2024-10-11 12:54:23.019] [info] [ExecutionStatus] Full execution!
[2024-10-11 12:54:23.223] [error] Message from the orchestrator! Code 1
[2024-10-11 12:54:23.223] [info] [ExecutionStatus] CPU execution!
[2024-10-11 12:54:23.223] [error] Message from the orchestrator! Code 3
[2024-10-11 12:54:23.223] [info] [ExecutionStatus] Full execution!
