RESULT 0.7244750261306763 258
Time: 2.3794508640421554
RESULT 0.7244750261306763 258
Time: 0.016506070969626307
RESULT 0.7244750261306763 258
Time: 0.015504857990890741
RESULT 0.7244750261306763 258
Time: 0.016158489976078272
RESULT 0.7244750261306763 258
Time: 0.015201639966107905
RESULT 0.7244750261306763 258
Time: 0.015486640972085297
RESULT 0.7244750261306763 258
Time: 0.014858535025268793
RESULT 0.7244750261306763 258
Time: 0.014880937989801168
RESULT 0.7244750261306763 258
Time: 0.014982103952206671
RESULT 0.7244750261306763 258
Time: 0.015119313029572368
RESULT 0.7244750261306763 258
Time: 0.015921615064144135
