RESULT 0.7244750261306763 258
Time: 2.4102080459706485
RESULT 0.7244750261306763 258
Time: 0.0161856550257653
RESULT 0.7244750261306763 258
Time: 0.015100474003702402
RESULT 0.7244750261306763 258
Time: 0.015096007962711155
RESULT 0.7244750261306763 258
Time: 0.015121844946406782
RESULT 0.7244750261306763 258
Time: 0.015103971003554761
RESULT 0.7244750261306763 258
Time: 0.014988208073191345
RESULT 0.7244750261306763 258
Time: 0.015123541001230478
RESULT 0.7244750261306763 258
Time: 0.015944118960760534
RESULT 0.7244750261306763 258
Time: 0.0162073930259794
RESULT 0.7244750261306763 258
Time: 0.01657269592396915
