Reading File
Read File
Copied Everything to GPU memory
Start traversing the tree
Kernel Executed 12 times
Result stored in result.txt
Time: 528726
Reading File
Read File
Copied Everything to GPU memory
Start traversing the tree
Kernel Executed 12 times
Result stored in result.txt
Time: 510118
Reading File
Read File
Copied Everything to GPU memory
Start traversing the tree
Kernel Executed 12 times
Result stored in result.txt
Time: 505857
Reading File
Read File
Copied Everything to GPU memory
Start traversing the tree
Kernel Executed 12 times
Result stored in result.txt
Time: 501960
Reading File
Read File
Copied Everything to GPU memory
Start traversing the tree
Kernel Executed 12 times
Result stored in result.txt
Time: 502482
Reading File
Read File
Copied Everything to GPU memory
Start traversing the tree
Kernel Executed 12 times
Result stored in result.txt
Time: 505179
Reading File
Read File
Copied Everything to GPU memory
Start traversing the tree
Kernel Executed 12 times
Result stored in result.txt
Time: 506849
Reading File
Read File
Copied Everything to GPU memory
Start traversing the tree
Kernel Executed 12 times
Result stored in result.txt
Time: 503057
Reading File
Read File
Copied Everything to GPU memory
Start traversing the tree
Kernel Executed 12 times
Result stored in result.txt
Time: 505194
Reading File
Read File
Copied Everything to GPU memory
Start traversing the tree
Kernel Executed 12 times
Result stored in result.txt
Time: 510242
Reading File
Read File
Copied Everything to GPU memory
Start traversing the tree
Kernel Executed 12 times
Result stored in result.txt
Time: 506505
