Reading File
Read File
Copied Everything to GPU memory
Start traversing the tree
Kernel Executed 12 times
Result stored in result.txt
Time: 526968
Reading File
Read File
Copied Everything to GPU memory
Start traversing the tree
Kernel Executed 12 times
Result stored in result.txt
Time: 509557
Reading File
Read File
Copied Everything to GPU memory
Start traversing the tree
Kernel Executed 12 times
Result stored in result.txt
Time: 505857
Reading File
Read File
Copied Everything to GPU memory
Start traversing the tree
Kernel Executed 12 times
Result stored in result.txt
Time: 501966
Reading File
Read File
Copied Everything to GPU memory
Start traversing the tree
Kernel Executed 12 times
Result stored in result.txt
Time: 502480
Reading File
Read File
Copied Everything to GPU memory
Start traversing the tree
Kernel Executed 12 times
Result stored in result.txt
Time: 505184
Reading File
Read File
Copied Everything to GPU memory
Start traversing the tree
Kernel Executed 12 times
Result stored in result.txt
Time: 506850
Reading File
Read File
Copied Everything to GPU memory
Start traversing the tree
Kernel Executed 12 times
Result stored in result.txt
Time: 503059
Reading File
Read File
Copied Everything to GPU memory
Start traversing the tree
Kernel Executed 12 times
Result stored in result.txt
Time: 505194
Reading File
Read File
Copied Everything to GPU memory
Start traversing the tree
Kernel Executed 12 times
Result stored in result.txt
Time: 510241
Reading File
Read File
Copied Everything to GPU memory
Start traversing the tree
Kernel Executed 12 times
Result stored in result.txt
Time: 506504
