[0;90m2024-10-11 12:53:49.732 [0;1;93m[Warning][m: IPC channel still there, doing an unlink of server-user-0-function-0
[0;90m2024-10-11 12:53:49.732 [0;1;96m[ Debug ][m: Application registered management segment 0x72bab6140000 with size 65796264 to id 1
[0;90m2024-10-11 12:53:49.733 [0;1;96m[ Debug ][m: Application registered payload data segment 0x72b93ef38000 with size 6293584200 to id 2
[2024-10-11 12:53:49.733] [error] Enabling use of VMM-based allocations in CUDA!
[2024-10-11 12:53:49.866] [error] Message from the orchestrator! Code 1
[2024-10-11 12:53:49.866] [info] [ExecutionStatus] CPU execution!
[2024-10-11 12:53:49.866] [error] Message from the orchestrator! Code 3
[2024-10-11 12:53:49.866] [info] [ExecutionStatus] Full execution!
[2024-10-11 12:53:50.918] [error] Message from the orchestrator! Code 1
[2024-10-11 12:53:50.918] [info] [ExecutionStatus] CPU execution!
[2024-10-11 12:53:50.918] [error] Message from the orchestrator! Code 3
[2024-10-11 12:53:50.918] [info] [ExecutionStatus] Full execution!
[2024-10-11 12:53:51.947] [error] Message from the orchestrator! Code 1
[2024-10-11 12:53:51.947] [info] [ExecutionStatus] CPU execution!
[2024-10-11 12:53:51.947] [error] Message from the orchestrator! Code 3
[2024-10-11 12:53:51.947] [info] [ExecutionStatus] Full execution!
[2024-10-11 12:53:52.967] [error] Message from the orchestrator! Code 1
[2024-10-11 12:53:52.967] [info] [ExecutionStatus] CPU execution!
[2024-10-11 12:53:52.967] [error] Message from the orchestrator! Code 3
[2024-10-11 12:53:52.967] [info] [ExecutionStatus] Full execution!
[2024-10-11 12:53:53.974] [error] Message from the orchestrator! Code 1
[2024-10-11 12:53:53.974] [info] [ExecutionStatus] CPU execution!
[2024-10-11 12:53:53.974] [error] Message from the orchestrator! Code 3
[2024-10-11 12:53:53.974] [info] [ExecutionStatus] Full execution!
[2024-10-11 12:53:54.981] [error] Message from the orchestrator! Code 1
[2024-10-11 12:53:54.981] [info] [ExecutionStatus] CPU execution!
[2024-10-11 12:53:54.981] [error] Message from the orchestrator! Code 3
[2024-10-11 12:53:54.981] [info] [ExecutionStatus] Full execution!
[2024-10-11 12:53:55.993] [error] Message from the orchestrator! Code 1
[2024-10-11 12:53:55.993] [info] [ExecutionStatus] CPU execution!
[2024-10-11 12:53:55.993] [error] Message from the orchestrator! Code 3
[2024-10-11 12:53:55.993] [info] [ExecutionStatus] Full execution!
[2024-10-11 12:53:57.014] [error] Message from the orchestrator! Code 1
[2024-10-11 12:53:57.014] [info] [ExecutionStatus] CPU execution!
[2024-10-11 12:53:57.014] [error] Message from the orchestrator! Code 3
[2024-10-11 12:53:57.014] [info] [ExecutionStatus] Full execution!
[2024-10-11 12:53:58.029] [error] Message from the orchestrator! Code 1
[2024-10-11 12:53:58.029] [info] [ExecutionStatus] CPU execution!
[2024-10-11 12:53:58.029] [error] Message from the orchestrator! Code 3
[2024-10-11 12:53:58.029] [info] [ExecutionStatus] Full execution!
[2024-10-11 12:53:59.050] [error] Message from the orchestrator! Code 1
[2024-10-11 12:53:59.050] [info] [ExecutionStatus] CPU execution!
[2024-10-11 12:53:59.050] [error] Message from the orchestrator! Code 3
[2024-10-11 12:53:59.050] [info] [ExecutionStatus] Full execution!
[2024-10-11 12:54:00.064] [error] Message from the orchestrator! Code 1
[2024-10-11 12:54:00.064] [info] [ExecutionStatus] CPU execution!
[2024-10-11 12:54:00.064] [error] Message from the orchestrator! Code 3
[2024-10-11 12:54:00.064] [info] [ExecutionStatus] Full execution!
